[7/6/2014 0:50] - Autenticacion - usuario: 1324 clave: 1324
[7/6/2014 0:50] - Autenticacion - usuario: 1234 clave: 4321
[7/6/2014 0:53] - Autenticacion - usuario: 1234 clave: 5432
[7/6/2014 0:54] - Autenticacion - usuario: 1234 clave: 54321
[7/6/2014 0:58] - Autenticacion - usuario: qer clave: 1234
[7/6/2014 0:59] - Autenticacion - usuario: 13245 clave: 654322
[7/6/2014 0:59] - Autenticacion - usuario: 1234 clave: 54321
[7/6/2014 1:1] - Autenticacion - usuario: 1234567890 clave: 098765421
[7/6/2014 1:1] - Autenticacion - usuario: 1234 clave: 4312
[7/6/2014 1:2] - Autenticacion - usuario: 1234 clave: 4321
[7/6/2014 1:3] - Autenticacion - usuario: 1234 clave: 4321
[7/6/2014 1:3] - Autenticacion - usuario: dd clave: dd
[7/6/2014 1:3] - Autenticacion - usuario: 1234 clave: 4321
[7/6/2014 1:5] - Autenticacion - usuario: aturing clave: 35ecb6586f632e010e2347cd37b8e196
[7/6/2014 1:6] - Autenticacion - usuario: aturing clave: 35ecb6586f632e010e2347cd37b8e196
[7/6/2014 1:7] - Autenticacion - usuario: aturing clave: 35ecb6586f632e010e2347cd37b8e196
[7/6/2014 1:9] - Autenticacion - usuario: aturing clave: 35ecb6586f632e010e2347cd37b8e196
[7/6/2014 1:10] - Autenticacion - usuario: aturing clave: customMSg
[7/6/2014 1:10] - Autenticacion - usuario: aturing clave: 35ecb6586f632e010e2347cd37b8e196
[7/6/2014 1:11] - Autenticacion - usuario: aturing clave: 35ecb6586f632e010e2347cd37b8e196
[7/6/2014 1:12] - Autenticacion - usuario: aturing clave: 35ecb6586f632e010e2347cd37b8e196
[7/6/2014 1:12] - Autenticacion - usuario: asdf clave: asdf
[7/6/2014 1:13] - Autenticacion - usuario: aturing clave: 35ecb6586f632e010e2347cd37b8e196
[7/6/2014 1:14] - Autenticacion - usuario: aturing clave: 35ecb6586f632e010e2347cd37b8e196
[7/6/2014 1:14] - Autenticacion - usuario: aturing clave: 35ecb6586f632e010e2347cd37b8e196
[7/6/2014 1:16] - Autenticacion - usuario: 2 clave: 2
[7/6/2014 1:16] - Autenticacion - usuario:  clave: 
[7/6/2014 1:16] - Autenticacion - usuario:  clave: 
[7/6/2014 1:17] - Autenticacion - usuario:  clave: 
[7/6/2014 1:17] - Autenticacion - usuario:  clave: 
[7/6/2014 1:18] - Autenticacion - usuario:  clave: 35ecb6586f632e010e2347cd37b8e196
[7/6/2014 1:19] - Autenticacion - usuario: aturing clave: as
[7/6/2014 1:20] - Autenticacion - usuario: aturing clave: s
[7/6/2014 1:22] - Autenticacion - usuario: aturing clave: 35ecb6586f632e010e2347cd37b8e196
[7/6/2014 1:25] - Autenticacion - usuario: aturing clave: 35ecb6586f632e010e2347cd37b8e196
[7/6/2014 1:28] - Autenticacion - usuario: aturing clave: 35ecb6586f632e010e2347cd37b8e196
[7/6/2014 1:29] - Autenticacion - usuario: aturing clave: 35ecb6586f632e010e2347cd37b8e196
[7/6/2014 1:30] - Autenticacion - usuario:  clave: 
[7/6/2014 1:32] - Autenticacion - usuario:  clave: 
[7/6/2014 1:32] - Autenticacion - usuario: aturing clave: 35ecb6586f632e010e2347cd37b8e196
[7/6/2014 1:34] - Autenticacion - usuario: aturing-35ecb6586f632e010e2347cd37b8e196 clave: 
[7/6/2014 1:35] - Autenticacion - usuario: aturing-35ecb6586f632e010e2347cd37b8e196 clave: 
[12/6/2014 21:0] - Autenticacion - usuario: auturing clave: 
[12/6/2014 21:9] - Autenticacion - usuario: aturing-35ecb6586f632e010e2347cd37b8e196 clave: 
[12/6/2014 21:9] - Autenticacion - usuario: aturing-35ecb6586f632e010e2347cd37b8e196 clave: 
